<?xml version="1.0" encoding="UTF-8"?>
<!-- Generated by org.testng.reporters.JUnitXMLReporter -->
<testsuite ignored="0" hostname="DESKTOP-R3O90SV" failures="0" tests="4" name="Default test" time="0.168" errors="0" timestamp="2024-04-12T18:17:54 IST">
  <testcase classname="Final_Assessment.Calculator.CalculatorTest" name="testAdd" time="0.032"/>
  <testcase classname="Final_Assessment.Calculator.CalculatorTest" name="testDivide" time="0.003"/>
  <testcase classname="Final_Assessment.Calculator.CalculatorTest" name="testMultiply" time="0.002"/>
  <testcase classname="Final_Assessment.Calculator.CalculatorTest" name="testSubtract" time="0.006"/>
</testsuite> <!-- Default test -->
