<?xml version="1.0" encoding="UTF-8"?>
<testng-results ignored="0" total="4" passed="4" failed="0" skipped="0">
  <reporter-output>
  </reporter-output>
  <suite started-at="2024-04-12T18:17:54 IST" name="Default suite" finished-at="2024-04-12T18:17:54 IST" duration-ms="168">
    <groups>
    </groups>
    <test started-at="2024-04-12T18:17:54 IST" name="Default test" finished-at="2024-04-12T18:17:54 IST" duration-ms="168">
      <class name="Final_Assessment.Calculator.CalculatorTest">
        <test-method signature="testAdd()[pri:0, instance:Final_Assessment.Calculator.CalculatorTest@498d318c]" started-at="2024-04-12T18:17:54 IST" name="testAdd" finished-at="2024-04-12T18:17:54 IST" duration-ms="32" status="PASS">
          <reporter-output>
          </reporter-output>
        </test-method> <!-- testAdd -->
        <test-method signature="testDivide()[pri:0, instance:Final_Assessment.Calculator.CalculatorTest@498d318c]" started-at="2024-04-12T18:17:54 IST" name="testDivide" finished-at="2024-04-12T18:17:54 IST" duration-ms="3" status="PASS">
          <reporter-output>
          </reporter-output>
        </test-method> <!-- testDivide -->
        <test-method signature="testMultiply()[pri:0, instance:Final_Assessment.Calculator.CalculatorTest@498d318c]" started-at="2024-04-12T18:17:54 IST" name="testMultiply" finished-at="2024-04-12T18:17:54 IST" duration-ms="2" status="PASS">
          <reporter-output>
          </reporter-output>
        </test-method> <!-- testMultiply -->
        <test-method signature="testSubtract()[pri:0, instance:Final_Assessment.Calculator.CalculatorTest@498d318c]" started-at="2024-04-12T18:17:54 IST" name="testSubtract" finished-at="2024-04-12T18:17:54 IST" duration-ms="6" status="PASS">
          <reporter-output>
          </reporter-output>
        </test-method> <!-- testSubtract -->
      </class> <!-- Final_Assessment.Calculator.CalculatorTest -->
    </test> <!-- Default test -->
  </suite> <!-- Default suite -->
</testng-results>
